#
# There is insufficient memory for the Java Runtime Environment to continue.
# Native memory allocation (malloc) failed to allocate 983536 bytes for Chunk::new
# Possible reasons:
#   The system is out of physical RAM or swap space
#   The process is running with CompressedOops enabled, and the Java Heap may be blocking the growth of the native heap
# Possible solutions:
#   Reduce memory load on the system
#   Increase physical memory or swap space
#   Check if swap backing store is full
#   Decrease Java heap size (-Xmx/-Xms)
#   Decrease number of Java threads
#   Decrease Java thread stack sizes (-Xss)
#   Set larger code cache with -XX:ReservedCodeCacheSize=
#   JVM is running with Zero Based Compressed Oops mode in which the Java heap is
#     placed in the first 32GB address space. The Java Heap base address is the
#     maximum limit for the native heap growth. Please use -XX:HeapBaseMinAddress
#     to set the Java Heap base and to place the Java Heap above 32GB virtual address.
# This output file may be truncated or incomplete.
#
#  Out of Memory Error (./src/hotspot/share/memory/arena.cpp:197), pid=11424, tid=13700
#
# JRE version: OpenJDK Runtime Environment (11.0.11+9) (build 11.0.11+9-b60-7590822)
# Java VM: OpenJDK 64-Bit Server VM (11.0.11+9-b60-7590822, mixed mode, tiered, compressed oops, g1 gc, windows-amd64)
# No core dump will be written. Minidumps are not enabled by default on client versions of Windows
#

---------------  S U M M A R Y ------------

Command Line: -Dorg.gradle.appname=gradlew org.gradle.wrapper.GradleWrapperMain -q -Ptarget-platform=android-arm64 -Ptarget=D:\Dhiwise\Coruscate-App-Flutter\lib\main.dart -Pbase-application-name=android.app.Application -Pdart-defines=Zmx1dHRlci5pbnNwZWN0b3Iuc3RydWN0dXJlZEVycm9ycz10cnVl,RkxVVFRFUl9XRUJfQVVUT19ERVRFQ1Q9dHJ1ZQ== -Pdart-obfuscation=false -Ptrack-widget-creation=true -Ptree-shake-icons=false -Pfilesystem-scheme=org-dartlang-root assembleDebug

Host: Intel(R) Core(TM) i7-6820HQ CPU @ 2.70GHz, 8 cores, 15G,  Windows 10 , 64 bit Build 19041 (10.0.19041.1503)
Time: Wed Mar  9 09:08:43 2022 India Standard Time elapsed time: 5.642799 seconds (0d 0h 0m 5s)

---------------  T H R E A D  ---------------

Current thread (0x00000226a17b0800):  JavaThread "C2 CompilerThread0" daemon [_thread_in_native, id=13700, stack(0x000000c3ece00000,0x000000c3ecf00000)]


Current CompileTask:
C2:   5642 1315       4       java.util.HashSet::add (20 bytes)

Stack: [0x000000c3ece00000,0x000000c3ecf00000]
Native frames: (J=compiled Java code, j=interpreted, Vv=VM code, C=native code)
V  [jvm.dll+0x5f214a]
V  [jvm.dll+0x726fb5]
V  [jvm.dll+0x7285cd]
V  [jvm.dll+0x728c83]
V  [jvm.dll+0x243278]
V  [jvm.dll+0xbc53c]
V  [jvm.dll+0xbca3c]
V  [jvm.dll+0x353e3b]
V  [jvm.dll+0x321893]
V  [jvm.dll+0x320d8a]
V  [jvm.dll+0x1fc1e2]
V  [jvm.dll+0x1fb3d4]
V  [jvm.dll+0x183d6c]
V  [jvm.dll+0x209a57]
V  [jvm.dll+0x2082a1]
V  [jvm.dll+0x6ef58f]
V  [jvm.dll+0x6e80b5]
V  [jvm.dll+0x5f1036]
C  [ucrtbase.dll+0x21bb2]
C  [KERNEL32.DLL+0x17034]
C  [ntdll.dll+0x52651]


---------------  P R O C E S S  ---------------

Threads class SMR info:
_java_thread_list=0x00000226a2604190, length=11, elements={
0x00000226800ee800, 0x00000226a0eb1000, 0x00000226a1742000, 0x00000226a175c800,
0x00000226a175f800, 0x00000226a1760800, 0x00000226a17b0800, 0x00000226a17b3000,
0x00000226a17bd000, 0x00000226a1911000, 0x00000226a1ca7800
}

Java Threads: ( => current thread )
  0x00000226800ee800 JavaThread "main" [_thread_blocked, id=8348, stack(0x000000c3ec200000,0x000000c3ec300000)]
  0x00000226a0eb1000 JavaThread "Reference Handler" daemon [_thread_blocked, id=1812, stack(0x000000c3ec900000,0x000000c3eca00000)]
  0x00000226a1742000 JavaThread "Finalizer" daemon [_thread_blocked, id=2728, stack(0x000000c3eca00000,0x000000c3ecb00000)]
  0x00000226a175c800 JavaThread "Signal Dispatcher" daemon [_thread_blocked, id=15460, stack(0x000000c3ecb00000,0x000000c3ecc00000)]
  0x00000226a175f800 JavaThread "Attach Listener" daemon [_thread_blocked, id=768, stack(0x000000c3ecc00000,0x000000c3ecd00000)]
  0x00000226a1760800 JavaThread "Service Thread" daemon [_thread_blocked, id=1928, stack(0x000000c3ecd00000,0x000000c3ece00000)]
=>0x00000226a17b0800 JavaThread "C2 CompilerThread0" daemon [_thread_in_native, id=13700, stack(0x000000c3ece00000,0x000000c3ecf00000)]
  0x00000226a17b3000 JavaThread "C1 CompilerThread0" daemon [_thread_blocked, id=12172, stack(0x000000c3ecf00000,0x000000c3ed000000)]
  0x00000226a17bd000 JavaThread "Sweeper thread" daemon [_thread_blocked, id=15764, stack(0x000000c3ed000000,0x000000c3ed100000)]
  0x00000226a1911000 JavaThread "Common-Cleaner" daemon [_thread_blocked, id=6512, stack(0x000000c3ed200000,0x000000c3ed300000)]
  0x00000226a1ca7800 JavaThread "C2 CompilerThread1" daemon [_thread_blocked, id=16632, stack(0x000000c3edc00000,0x000000c3edd00000)]

Other Threads:
  0x00000226a0e8d000 VMThread "VM Thread" [stack: 0x000000c3ec800000,0x000000c3ec900000] [id=7296]
  0x00000226a190b800 WatcherThread [stack: 0x000000c3ed100000,0x000000c3ed200000] [id=3960]
  0x0000022680104000 GCTaskThread "GC Thread#0" [stack: 0x000000c3ec300000,0x000000c3ec400000] [id=6728]
  0x00000226a2584000 GCTaskThread "GC Thread#1" [stack: 0x000000c3ed500000,0x000000c3ed600000] [id=6840]
  0x00000226a2582800 GCTaskThread "GC Thread#2" [stack: 0x000000c3ed600000,0x000000c3ed700000] [id=14420]
  0x00000226a24d1000 GCTaskThread "GC Thread#3" [stack: 0x000000c3ed700000,0x000000c3ed800000] [id=2560]
  0x00000226a24d2000 GCTaskThread "GC Thread#4" [stack: 0x000000c3ed800000,0x000000c3ed900000] [id=8436]
  0x00000226a24d7000 GCTaskThread "GC Thread#5" [stack: 0x000000c3ed900000,0x000000c3eda00000] [id=4568]
  0x0000022680160000 ConcurrentGCThread "G1 Main Marker" [stack: 0x000000c3ec400000,0x000000c3ec500000] [id=7396]
  0x0000022680161800 ConcurrentGCThread "G1 Conc#0" [stack: 0x000000c3ec500000,0x000000c3ec600000] [id=7716]
  0x00000226a0d74000 ConcurrentGCThread "G1 Refine#0" [stack: 0x000000c3ec600000,0x000000c3ec700000] [id=6876]
  0x00000226a0d75000 ConcurrentGCThread "G1 Young RemSet Sampling" [stack: 0x000000c3ec700000,0x000000c3ec800000] [id=9704]

Threads with active compile tasks:
C2 CompilerThread0   5670 1315       4       java.util.HashSet::add (20 bytes)

VM state:not at safepoint (normal execution)

VM Mutex/Monitor currently owned by a thread: None

Heap address: 0x0000000705600000, size: 4010 MB, Compressed Oops mode: Zero based, Oop shift amount: 3
Narrow klass base: 0x0000000800000000, Narrow klass shift: 0
Compressed class space size: 1073741824 Address: 0x0000000800000000

Heap:
 garbage-first heap   total 258048K, used 29100K [0x0000000705600000, 0x0000000800000000)
  region size 1024K, 24 young (24576K), 3 survivors (3072K)
 Metaspace       used 15809K, capacity 16121K, committed 16256K, reserved 1062912K
  class space    used 1799K, capacity 1909K, committed 1920K, reserved 1048576K
Heap Regions: E=young(eden), S=young(survivor), O=old, HS=humongous(starts), HC=humongous(continues), CS=collection set, F=free, A=archive, TAMS=top-at-mark-start (previous, next)
|   0|0x0000000705600000, 0x0000000705600000, 0x0000000705700000|  0%| F|  |TAMS 0x0000000705600000, 0x0000000705600000| Untracked 
|   1|0x0000000705700000, 0x0000000705700000, 0x0000000705800000|  0%| F|  |TAMS 0x0000000705700000, 0x0000000705700000| Untracked 
|   2|0x0000000705800000, 0x0000000705800000, 0x0000000705900000|  0%| F|  |TAMS 0x0000000705800000, 0x0000000705800000| Untracked 
|   3|0x0000000705900000, 0x0000000705a00000, 0x0000000705a00000|100%|HS|  |TAMS 0x0000000705900000, 0x0000000705900000| Complete 
|   4|0x0000000705a00000, 0x0000000705b00000, 0x0000000705b00000|100%|HC|  |TAMS 0x0000000705a00000, 0x0000000705a00000| Complete 
|   5|0x0000000705b00000, 0x0000000705c00000, 0x0000000705c00000|100%|HC|  |TAMS 0x0000000705b00000, 0x0000000705b00000| Complete 
|   6|0x0000000705c00000, 0x0000000705d00000, 0x0000000705d00000|100%| O|  |TAMS 0x0000000705c00000, 0x0000000705c00000| Untracked 
|   7|0x0000000705d00000, 0x0000000705e00000, 0x0000000705e00000|100%| O|  |TAMS 0x0000000705d00000, 0x0000000705d00000| Untracked 
|   8|0x0000000705e00000, 0x0000000705e6b000, 0x0000000705f00000| 41%| O|  |TAMS 0x0000000705e00000, 0x0000000705e00000| Untracked 
|   9|0x0000000705f00000, 0x0000000705f00000, 0x0000000706000000|  0%| F|  |TAMS 0x0000000705f00000, 0x0000000705f00000| Untracked 
|  10|0x0000000706000000, 0x0000000706000000, 0x0000000706100000|  0%| F|  |TAMS 0x0000000706000000, 0x0000000706000000| Untracked 
|  11|0x0000000706100000, 0x0000000706100000, 0x0000000706200000|  0%| F|  |TAMS 0x0000000706100000, 0x0000000706100000| Untracked 
|  12|0x0000000706200000, 0x0000000706200000, 0x0000000706300000|  0%| F|  |TAMS 0x0000000706200000, 0x0000000706200000| Untracked 
|  13|0x0000000706300000, 0x0000000706300000, 0x0000000706400000|  0%| F|  |TAMS 0x0000000706300000, 0x0000000706300000| Untracked 
|  14|0x0000000706400000, 0x0000000706400000, 0x0000000706500000|  0%| F|  |TAMS 0x0000000706400000, 0x0000000706400000| Untracked 
|  15|0x0000000706500000, 0x0000000706500000, 0x0000000706600000|  0%| F|  |TAMS 0x0000000706500000, 0x0000000706500000| Untracked 
|  16|0x0000000706600000, 0x0000000706600000, 0x0000000706700000|  0%| F|  |TAMS 0x0000000706600000, 0x0000000706600000| Untracked 
|  17|0x0000000706700000, 0x0000000706700000, 0x0000000706800000|  0%| F|  |TAMS 0x0000000706700000, 0x0000000706700000| Untracked 
|  18|0x0000000706800000, 0x0000000706800000, 0x0000000706900000|  0%| F|  |TAMS 0x0000000706800000, 0x0000000706800000| Untracked 
|  19|0x0000000706900000, 0x0000000706900000, 0x0000000706a00000|  0%| F|  |TAMS 0x0000000706900000, 0x0000000706900000| Untracked 
|  20|0x0000000706a00000, 0x0000000706a00000, 0x0000000706b00000|  0%| F|  |TAMS 0x0000000706a00000, 0x0000000706a00000| Untracked 
|  21|0x0000000706b00000, 0x0000000706b00000, 0x0000000706c00000|  0%| F|  |TAMS 0x0000000706b00000, 0x0000000706b00000| Untracked 
|  22|0x0000000706c00000, 0x0000000706c00000, 0x0000000706d00000|  0%| F|  |TAMS 0x0000000706c00000, 0x0000000706c00000| Untracked 
|  23|0x0000000706d00000, 0x0000000706d00000, 0x0000000706e00000|  0%| F|  |TAMS 0x0000000706d00000, 0x0000000706d00000| Untracked 
|  24|0x0000000706e00000, 0x0000000706e00000, 0x0000000706f00000|  0%| F|  |TAMS 0x0000000706e00000, 0x0000000706e00000| Untracked 
|  25|0x0000000706f00000, 0x0000000706f00000, 0x0000000707000000|  0%| F|  |TAMS 0x0000000706f00000, 0x0000000706f00000| Untracked 
|  26|0x0000000707000000, 0x0000000707000000, 0x0000000707100000|  0%| F|  |TAMS 0x0000000707000000, 0x0000000707000000| Untracked 
|  27|0x0000000707100000, 0x0000000707100000, 0x0000000707200000|  0%| F|  |TAMS 0x0000000707100000, 0x0000000707100000| Untracked 
|  28|0x0000000707200000, 0x0000000707200000, 0x0000000707300000|  0%| F|  |TAMS 0x0000000707200000, 0x0000000707200000| Untracked 
|  29|0x0000000707300000, 0x0000000707300000, 0x0000000707400000|  0%| F|  |TAMS 0x0000000707300000, 0x0000000707300000| Untracked 
|  30|0x0000000707400000, 0x0000000707400000, 0x0000000707500000|  0%| F|  |TAMS 0x0000000707400000, 0x0000000707400000| Untracked 
|  31|0x0000000707500000, 0x0000000707500000, 0x0000000707600000|  0%| F|  |TAMS 0x0000000707500000, 0x0000000707500000| Untracked 
|  32|0x0000000707600000, 0x0000000707600000, 0x0000000707700000|  0%| F|  |TAMS 0x0000000707600000, 0x0000000707600000| Untracked 
|  33|0x0000000707700000, 0x0000000707700000, 0x0000000707800000|  0%| F|  |TAMS 0x0000000707700000, 0x0000000707700000| Untracked 
|  34|0x0000000707800000, 0x0000000707800000, 0x0000000707900000|  0%| F|  |TAMS 0x0000000707800000, 0x0000000707800000| Untracked 
|  35|0x0000000707900000, 0x0000000707900000, 0x0000000707a00000|  0%| F|  |TAMS 0x0000000707900000, 0x0000000707900000| Untracked 
|  36|0x0000000707a00000, 0x0000000707a00000, 0x0000000707b00000|  0%| F|  |TAMS 0x0000000707a00000, 0x0000000707a00000| Untracked 
|  37|0x0000000707b00000, 0x0000000707b00000, 0x0000000707c00000|  0%| F|  |TAMS 0x0000000707b00000, 0x0000000707b00000| Untracked 
|  38|0x0000000707c00000, 0x0000000707c00000, 0x0000000707d00000|  0%| F|  |TAMS 0x0000000707c00000, 0x0000000707c00000| Untracked 
|  39|0x0000000707d00000, 0x0000000707d00000, 0x0000000707e00000|  0%| F|  |TAMS 0x0000000707d00000, 0x0000000707d00000| Untracked 
|  40|0x0000000707e00000, 0x0000000707e00000, 0x0000000707f00000|  0%| F|  |TAMS 0x0000000707e00000, 0x0000000707e00000| Untracked 
|  41|0x0000000707f00000, 0x0000000707f00000, 0x0000000708000000|  0%| F|  |TAMS 0x0000000707f00000, 0x0000000707f00000| Untracked 
|  42|0x0000000708000000, 0x0000000708000000, 0x0000000708100000|  0%| F|  |TAMS 0x0000000708000000, 0x0000000708000000| Untracked 
|  43|0x0000000708100000, 0x0000000708100000, 0x0000000708200000|  0%| F|  |TAMS 0x0000000708100000, 0x0000000708100000| Untracked 
|  44|0x0000000708200000, 0x0000000708200000, 0x0000000708300000|  0%| F|  |TAMS 0x0000000708200000, 0x0000000708200000| Untracked 
|  45|0x0000000708300000, 0x0000000708300000, 0x0000000708400000|  0%| F|  |TAMS 0x0000000708300000, 0x0000000708300000| Untracked 
|  46|0x0000000708400000, 0x0000000708400000, 0x0000000708500000|  0%| F|  |TAMS 0x0000000708400000, 0x0000000708400000| Untracked 
|  47|0x0000000708500000, 0x0000000708500000, 0x0000000708600000|  0%| F|  |TAMS 0x0000000708500000, 0x0000000708500000| Untracked 
|  48|0x0000000708600000, 0x0000000708600000, 0x0000000708700000|  0%| F|  |TAMS 0x0000000708600000, 0x0000000708600000| Untracked 
|  49|0x0000000708700000, 0x0000000708700000, 0x0000000708800000|  0%| F|  |TAMS 0x0000000708700000, 0x0000000708700000| Untracked 
|  50|0x0000000708800000, 0x0000000708800000, 0x0000000708900000|  0%| F|  |TAMS 0x0000000708800000, 0x0000000708800000| Untracked 
|  51|0x0000000708900000, 0x0000000708900000, 0x0000000708a00000|  0%| F|  |TAMS 0x0000000708900000, 0x0000000708900000| Untracked 
|  52|0x0000000708a00000, 0x0000000708a00000, 0x0000000708b00000|  0%| F|  |TAMS 0x0000000708a00000, 0x0000000708a00000| Untracked 
|  53|0x0000000708b00000, 0x0000000708b00000, 0x0000000708c00000|  0%| F|  |TAMS 0x0000000708b00000, 0x0000000708b00000| Untracked 
|  54|0x0000000708c00000, 0x0000000708c00000, 0x0000000708d00000|  0%| F|  |TAMS 0x0000000708c00000, 0x0000000708c00000| Untracked 
|  55|0x0000000708d00000, 0x0000000708d00000, 0x0000000708e00000|  0%| F|  |TAMS 0x0000000708d00000, 0x0000000708d00000| Untracked 
|  56|0x0000000708e00000, 0x0000000708e00000, 0x0000000708f00000|  0%| F|  |TAMS 0x0000000708e00000, 0x0000000708e00000| Untracked 
|  57|0x0000000708f00000, 0x0000000708f00000, 0x0000000709000000|  0%| F|  |TAMS 0x0000000708f00000, 0x0000000708f00000| Untracked 
|  58|0x0000000709000000, 0x0000000709000000, 0x0000000709100000|  0%| F|  |TAMS 0x0000000709000000, 0x0000000709000000| Untracked 
|  59|0x0000000709100000, 0x0000000709100000, 0x0000000709200000|  0%| F|  |TAMS 0x0000000709100000, 0x0000000709100000| Untracked 
|  60|0x0000000709200000, 0x0000000709200000, 0x0000000709300000|  0%| F|  |TAMS 0x0000000709200000, 0x0000000709200000| Untracked 
|  61|0x0000000709300000, 0x0000000709300000, 0x0000000709400000|  0%| F|  |TAMS 0x0000000709300000, 0x0000000709300000| Untracked 
|  62|0x0000000709400000, 0x0000000709400000, 0x0000000709500000|  0%| F|  |TAMS 0x0000000709400000, 0x0000000709400000| Untracked 
|  63|0x0000000709500000, 0x0000000709500000, 0x0000000709600000|  0%| F|  |TAMS 0x0000000709500000, 0x0000000709500000| Untracked 
|  64|0x0000000709600000, 0x0000000709600000, 0x0000000709700000|  0%| F|  |TAMS 0x0000000709600000, 0x0000000709600000| Untracked 
|  65|0x0000000709700000, 0x0000000709700000, 0x0000000709800000|  0%| F|  |TAMS 0x0000000709700000, 0x0000000709700000| Untracked 
|  66|0x0000000709800000, 0x0000000709800000, 0x0000000709900000|  0%| F|  |TAMS 0x0000000709800000, 0x0000000709800000| Untracked 
|  67|0x0000000709900000, 0x0000000709900000, 0x0000000709a00000|  0%| F|  |TAMS 0x0000000709900000, 0x0000000709900000| Untracked 
|  68|0x0000000709a00000, 0x0000000709a00000, 0x0000000709b00000|  0%| F|  |TAMS 0x0000000709a00000, 0x0000000709a00000| Untracked 
|  69|0x0000000709b00000, 0x0000000709b00000, 0x0000000709c00000|  0%| F|  |TAMS 0x0000000709b00000, 0x0000000709b00000| Untracked 
|  70|0x0000000709c00000, 0x0000000709c00000, 0x0000000709d00000|  0%| F|  |TAMS 0x0000000709c00000, 0x0000000709c00000| Untracked 
|  71|0x0000000709d00000, 0x0000000709d00000, 0x0000000709e00000|  0%| F|  |TAMS 0x0000000709d00000, 0x0000000709d00000| Untracked 
|  72|0x0000000709e00000, 0x0000000709e00000, 0x0000000709f00000|  0%| F|  |TAMS 0x0000000709e00000, 0x0000000709e00000| Untracked 
|  73|0x0000000709f00000, 0x0000000709f00000, 0x000000070a000000|  0%| F|  |TAMS 0x0000000709f00000, 0x0000000709f00000| Untracked 
|  74|0x000000070a000000, 0x000000070a000000, 0x000000070a100000|  0%| F|  |TAMS 0x000000070a000000, 0x000000070a000000| Untracked 
|  75|0x000000070a100000, 0x000000070a100000, 0x000000070a200000|  0%| F|  |TAMS 0x000000070a100000, 0x000000070a100000| Untracked 
|  76|0x000000070a200000, 0x000000070a200000, 0x000000070a300000|  0%| F|  |TAMS 0x000000070a200000, 0x000000070a200000| Untracked 
|  77|0x000000070a300000, 0x000000070a300000, 0x000000070a400000|  0%| F|  |TAMS 0x000000070a300000, 0x000000070a300000| Untracked 
|  78|0x000000070a400000, 0x000000070a400000, 0x000000070a500000|  0%| F|  |TAMS 0x000000070a400000, 0x000000070a400000| Untracked 
|  79|0x000000070a500000, 0x000000070a500000, 0x000000070a600000|  0%| F|  |TAMS 0x000000070a500000, 0x000000070a500000| Untracked 
|  80|0x000000070a600000, 0x000000070a600000, 0x000000070a700000|  0%| F|  |TAMS 0x000000070a600000, 0x000000070a600000| Untracked 
|  81|0x000000070a700000, 0x000000070a700000, 0x000000070a800000|  0%| F|  |TAMS 0x000000070a700000, 0x000000070a700000| Untracked 
|  82|0x000000070a800000, 0x000000070a800000, 0x000000070a900000|  0%| F|  |TAMS 0x000000070a800000, 0x000000070a800000| Untracked 
|  83|0x000000070a900000, 0x000000070a900000, 0x000000070aa00000|  0%| F|  |TAMS 0x000000070a900000, 0x000000070a900000| Untracked 
|  84|0x000000070aa00000, 0x000000070aa00000, 0x000000070ab00000|  0%| F|  |TAMS 0x000000070aa00000, 0x000000070aa00000| Untracked 
|  85|0x000000070ab00000, 0x000000070ab00000, 0x000000070ac00000|  0%| F|  |TAMS 0x000000070ab00000, 0x000000070ab00000| Untracked 
|  86|0x000000070ac00000, 0x000000070ac00000, 0x000000070ad00000|  0%| F|  |TAMS 0x000000070ac00000, 0x000000070ac00000| Untracked 
|  87|0x000000070ad00000, 0x000000070ad00000, 0x000000070ae00000|  0%| F|  |TAMS 0x000000070ad00000, 0x000000070ad00000| Untracked 
|  88|0x000000070ae00000, 0x000000070ae00000, 0x000000070af00000|  0%| F|  |TAMS 0x000000070ae00000, 0x000000070ae00000| Untracked 
|  89|0x000000070af00000, 0x000000070af00000, 0x000000070b000000|  0%| F|  |TAMS 0x000000070af00000, 0x000000070af00000| Untracked 
|  90|0x000000070b000000, 0x000000070b000000, 0x000000070b100000|  0%| F|  |TAMS 0x000000070b000000, 0x000000070b000000| Untracked 
|  91|0x000000070b100000, 0x000000070b100000, 0x000000070b200000|  0%| F|  |TAMS 0x000000070b100000, 0x000000070b100000| Untracked 
|  92|0x000000070b200000, 0x000000070b200000, 0x000000070b300000|  0%| F|  |TAMS 0x000000070b200000, 0x000000070b200000| Untracked 
|  93|0x000000070b300000, 0x000000070b300000, 0x000000070b400000|  0%| F|  |TAMS 0x000000070b300000, 0x000000070b300000| Untracked 
|  94|0x000000070b400000, 0x000000070b400000, 0x000000070b500000|  0%| F|  |TAMS 0x000000070b400000, 0x000000070b400000| Untracked 
|  95|0x000000070b500000, 0x000000070b500000, 0x000000070b600000|  0%| F|  |TAMS 0x000000070b500000, 0x000000070b500000| Untracked 
|  96|0x000000070b600000, 0x000000070b600000, 0x000000070b700000|  0%| F|  |TAMS 0x000000070b600000, 0x000000070b600000| Untracked 
|  97|0x000000070b700000, 0x000000070b700000, 0x000000070b800000|  0%| F|  |TAMS 0x000000070b700000, 0x000000070b700000| Untracked 
|  98|0x000000070b800000, 0x000000070b800000, 0x000000070b900000|  0%| F|  |TAMS 0x000000070b800000, 0x000000070b800000| Untracked 
|  99|0x000000070b900000, 0x000000070b900000, 0x000000070ba00000|  0%| F|  |TAMS 0x000000070b900000, 0x000000070b900000| Untracked 
| 100|0x000000070ba00000, 0x000000070ba00000, 0x000000070bb00000|  0%| F|  |TAMS 0x000000070ba00000, 0x000000070ba00000| Untracked 
| 101|0x000000070bb00000, 0x000000070bb00000, 0x000000070bc00000|  0%| F|  |TAMS 0x000000070bb00000, 0x000000070bb00000| Untracked 
| 102|0x000000070bc00000, 0x000000070bc00000, 0x000000070bd00000|  0%| F|  |TAMS 0x000000070bc00000, 0x000000070bc00000| Untracked 
| 103|0x000000070bd00000, 0x000000070bd00000, 0x000000070be00000|  0%| F|  |TAMS 0x000000070bd00000, 0x000000070bd00000| Untracked 
| 104|0x000000070be00000, 0x000000070be00000, 0x000000070bf00000|  0%| F|  |TAMS 0x000000070be00000, 0x000000070be00000| Untracked 
| 105|0x000000070bf00000, 0x000000070bf00000, 0x000000070c000000|  0%| F|  |TAMS 0x000000070bf00000, 0x000000070bf00000| Untracked 
| 106|0x000000070c000000, 0x000000070c000000, 0x000000070c100000|  0%| F|  |TAMS 0x000000070c000000, 0x000000070c000000| Untracked 
| 107|0x000000070c100000, 0x000000070c100000, 0x000000070c200000|  0%| F|  |TAMS 0x000000070c100000, 0x000000070c100000| Untracked 
| 108|0x000000070c200000, 0x000000070c200000, 0x000000070c300000|  0%| F|  |TAMS 0x000000070c200000, 0x000000070c200000| Untracked 
| 109|0x000000070c300000, 0x000000070c300000, 0x000000070c400000|  0%| F|  |TAMS 0x000000070c300000, 0x000000070c300000| Untracked 
| 110|0x000000070c400000, 0x000000070c400000, 0x000000070c500000|  0%| F|  |TAMS 0x000000070c400000, 0x000000070c400000| Untracked 
| 111|0x000000070c500000, 0x000000070c500000, 0x000000070c600000|  0%| F|  |TAMS 0x000000070c500000, 0x000000070c500000| Untracked 
| 112|0x000000070c600000, 0x000000070c600000, 0x000000070c700000|  0%| F|  |TAMS 0x000000070c600000, 0x000000070c600000| Untracked 
| 113|0x000000070c700000, 0x000000070c700000, 0x000000070c800000|  0%| F|  |TAMS 0x000000070c700000, 0x000000070c700000| Untracked 
| 114|0x000000070c800000, 0x000000070c800000, 0x000000070c900000|  0%| F|  |TAMS 0x000000070c800000, 0x000000070c800000| Untracked 
| 115|0x000000070c900000, 0x000000070c900000, 0x000000070ca00000|  0%| F|  |TAMS 0x000000070c900000, 0x000000070c900000| Untracked 
| 116|0x000000070ca00000, 0x000000070ca00000, 0x000000070cb00000|  0%| F|  |TAMS 0x000000070ca00000, 0x000000070ca00000| Untracked 
| 117|0x000000070cb00000, 0x000000070cb00000, 0x000000070cc00000|  0%| F|  |TAMS 0x000000070cb00000, 0x000000070cb00000| Untracked 
| 118|0x000000070cc00000, 0x000000070cc00000, 0x000000070cd00000|  0%| F|  |TAMS 0x000000070cc00000, 0x000000070cc00000| Untracked 
| 119|0x000000070cd00000, 0x000000070cd00000, 0x000000070ce00000|  0%| F|  |TAMS 0x000000070cd00000, 0x000000070cd00000| Untracked 
| 120|0x000000070ce00000, 0x000000070ce00000, 0x000000070cf00000|  0%| F|  |TAMS 0x000000070ce00000, 0x000000070ce00000| Untracked 
| 121|0x000000070cf00000, 0x000000070cf00000, 0x000000070d000000|  0%| F|  |TAMS 0x000000070cf00000, 0x000000070cf00000| Untracked 
| 122|0x000000070d000000, 0x000000070d000000, 0x000000070d100000|  0%| F|  |TAMS 0x000000070d000000, 0x000000070d000000| Untracked 
| 123|0x000000070d100000, 0x000000070d100000, 0x000000070d200000|  0%| F|  |TAMS 0x000000070d100000, 0x000000070d100000| Untracked 
| 124|0x000000070d200000, 0x000000070d200000, 0x000000070d300000|  0%| F|  |TAMS 0x000000070d200000, 0x000000070d200000| Untracked 
| 125|0x000000070d300000, 0x000000070d300000, 0x000000070d400000|  0%| F|  |TAMS 0x000000070d300000, 0x000000070d300000| Untracked 
| 126|0x000000070d400000, 0x000000070d400000, 0x000000070d500000|  0%| F|  |TAMS 0x000000070d400000, 0x000000070d400000| Untracked 
| 127|0x000000070d500000, 0x000000070d500000, 0x000000070d600000|  0%| F|  |TAMS 0x000000070d500000, 0x000000070d500000| Untracked 
| 128|0x000000070d600000, 0x000000070d600000, 0x000000070d700000|  0%| F|  |TAMS 0x000000070d600000, 0x000000070d600000| Untracked 
| 129|0x000000070d700000, 0x000000070d700000, 0x000000070d800000|  0%| F|  |TAMS 0x000000070d700000, 0x000000070d700000| Untracked 
| 130|0x000000070d800000, 0x000000070d800000, 0x000000070d900000|  0%| F|  |TAMS 0x000000070d800000, 0x000000070d800000| Untracked 
| 131|0x000000070d900000, 0x000000070d900000, 0x000000070da00000|  0%| F|  |TAMS 0x000000070d900000, 0x000000070d900000| Untracked 
| 132|0x000000070da00000, 0x000000070da00000, 0x000000070db00000|  0%| F|  |TAMS 0x000000070da00000, 0x000000070da00000| Untracked 
| 133|0x000000070db00000, 0x000000070db00000, 0x000000070dc00000|  0%| F|  |TAMS 0x000000070db00000, 0x000000070db00000| Untracked 
| 134|0x000000070dc00000, 0x000000070dc00000, 0x000000070dd00000|  0%| F|  |TAMS 0x000000070dc00000, 0x000000070dc00000| Untracked 
| 135|0x000000070dd00000, 0x000000070dd00000, 0x000000070de00000|  0%| F|  |TAMS 0x000000070dd00000, 0x000000070dd00000| Untracked 
| 136|0x000000070de00000, 0x000000070de00000, 0x000000070df00000|  0%| F|  |TAMS 0x000000070de00000, 0x000000070de00000| Untracked 
| 137|0x000000070df00000, 0x000000070df00000, 0x000000070e000000|  0%| F|  |TAMS 0x000000070df00000, 0x000000070df00000| Untracked 
| 138|0x000000070e000000, 0x000000070e000000, 0x000000070e100000|  0%| F|  |TAMS 0x000000070e000000, 0x000000070e000000| Untracked 
| 139|0x000000070e100000, 0x000000070e100000, 0x000000070e200000|  0%| F|  |TAMS 0x000000070e100000, 0x000000070e100000| Untracked 
| 140|0x000000070e200000, 0x000000070e200000, 0x000000070e300000|  0%| F|  |TAMS 0x000000070e200000, 0x000000070e200000| Untracked 
| 141|0x000000070e300000, 0x000000070e300000, 0x000000070e400000|  0%| F|  |TAMS 0x000000070e300000, 0x000000070e300000| Untracked 
| 142|0x000000070e400000, 0x000000070e400000, 0x000000070e500000|  0%| F|  |TAMS 0x000000070e400000, 0x000000070e400000| Untracked 
| 143|0x000000070e500000, 0x000000070e500000, 0x000000070e600000|  0%| F|  |TAMS 0x000000070e500000, 0x000000070e500000| Untracked 
| 144|0x000000070e600000, 0x000000070e600000, 0x000000070e700000|  0%| F|  |TAMS 0x000000070e600000, 0x000000070e600000| Untracked 
| 145|0x000000070e700000, 0x000000070e700000, 0x000000070e800000|  0%| F|  |TAMS 0x000000070e700000, 0x000000070e700000| Untracked 
| 146|0x000000070e800000, 0x000000070e800000, 0x000000070e900000|  0%| F|  |TAMS 0x000000070e800000, 0x000000070e800000| Untracked 
| 147|0x000000070e900000, 0x000000070e900000, 0x000000070ea00000|  0%| F|  |TAMS 0x000000070e900000, 0x000000070e900000| Untracked 
| 148|0x000000070ea00000, 0x000000070ea00000, 0x000000070eb00000|  0%| F|  |TAMS 0x000000070ea00000, 0x000000070ea00000| Untracked 
| 149|0x000000070eb00000, 0x000000070eb00000, 0x000000070ec00000|  0%| F|  |TAMS 0x000000070eb00000, 0x000000070eb00000| Untracked 
| 150|0x000000070ec00000, 0x000000070ec00000, 0x000000070ed00000|  0%| F|  |TAMS 0x000000070ec00000, 0x000000070ec00000| Untracked 
| 151|0x000000070ed00000, 0x000000070ed00000, 0x000000070ee00000|  0%| F|  |TAMS 0x000000070ed00000, 0x000000070ed00000| Untracked 
| 152|0x000000070ee00000, 0x000000070ee00000, 0x000000070ef00000|  0%| F|  |TAMS 0x000000070ee00000, 0x000000070ee00000| Untracked 
| 153|0x000000070ef00000, 0x000000070ef00000, 0x000000070f000000|  0%| F|  |TAMS 0x000000070ef00000, 0x000000070ef00000| Untracked 
| 154|0x000000070f000000, 0x000000070f000000, 0x000000070f100000|  0%| F|  |TAMS 0x000000070f000000, 0x000000070f000000| Untracked 
| 155|0x000000070f100000, 0x000000070f100000, 0x000000070f200000|  0%| F|  |TAMS 0x000000070f100000, 0x000000070f100000| Untracked 
| 156|0x000000070f200000, 0x000000070f200000, 0x000000070f300000|  0%| F|  |TAMS 0x000000070f200000, 0x000000070f200000| Untracked 
| 157|0x000000070f300000, 0x000000070f300000, 0x000000070f400000|  0%| F|  |TAMS 0x000000070f300000, 0x000000070f300000| Untracked 
| 158|0x000000070f400000, 0x000000070f400000, 0x000000070f500000|  0%| F|  |TAMS 0x000000070f400000, 0x000000070f400000| Untracked 
| 159|0x000000070f500000, 0x000000070f500000, 0x000000070f600000|  0%| F|  |TAMS 0x000000070f500000, 0x000000070f500000| Untracked 
| 160|0x000000070f600000, 0x000000070f600000, 0x000000070f700000|  0%| F|  |TAMS 0x000000070f600000, 0x000000070f600000| Untracked 
| 161|0x000000070f700000, 0x000000070f700000, 0x000000070f800000|  0%| F|  |TAMS 0x000000070f700000, 0x000000070f700000| Untracked 
| 162|0x000000070f800000, 0x000000070f800000, 0x000000070f900000|  0%| F|  |TAMS 0x000000070f800000, 0x000000070f800000| Untracked 
| 163|0x000000070f900000, 0x000000070f900000, 0x000000070fa00000|  0%| F|  |TAMS 0x000000070f900000, 0x000000070f900000| Untracked 
| 164|0x000000070fa00000, 0x000000070fa00000, 0x000000070fb00000|  0%| F|  |TAMS 0x000000070fa00000, 0x000000070fa00000| Untracked 
| 165|0x000000070fb00000, 0x000000070fb00000, 0x000000070fc00000|  0%| F|  |TAMS 0x000000070fb00000, 0x000000070fb00000| Untracked 
| 166|0x000000070fc00000, 0x000000070fc00000, 0x000000070fd00000|  0%| F|  |TAMS 0x000000070fc00000, 0x000000070fc00000| Untracked 
| 167|0x000000070fd00000, 0x000000070fd00000, 0x000000070fe00000|  0%| F|  |TAMS 0x000000070fd00000, 0x000000070fd00000| Untracked 
| 168|0x000000070fe00000, 0x000000070fe00000, 0x000000070ff00000|  0%| F|  |TAMS 0x000000070fe00000, 0x000000070fe00000| Untracked 
| 169|0x000000070ff00000, 0x000000070ff00000, 0x0000000710000000|  0%| F|  |TAMS 0x000000070ff00000, 0x000000070ff00000| Untracked 
| 170|0x0000000710000000, 0x0000000710000000, 0x0000000710100000|  0%| F|  |TAMS 0x0000000710000000, 0x0000000710000000| Untracked 
| 171|0x0000000710100000, 0x0000000710100000, 0x0000000710200000|  0%| F|  |TAMS 0x0000000710100000, 0x0000000710100000| Untracked 
| 172|0x0000000710200000, 0x0000000710200000, 0x0000000710300000|  0%| F|  |TAMS 0x0000000710200000, 0x0000000710200000| Untracked 
| 173|0x0000000710300000, 0x0000000710300000, 0x0000000710400000|  0%| F|  |TAMS 0x0000000710300000, 0x0000000710300000| Untracked 
| 174|0x0000000710400000, 0x0000000710400000, 0x0000000710500000|  0%| F|  |TAMS 0x0000000710400000, 0x0000000710400000| Untracked 
| 175|0x0000000710500000, 0x0000000710500000, 0x0000000710600000|  0%| F|  |TAMS 0x0000000710500000, 0x0000000710500000| Untracked 
| 176|0x0000000710600000, 0x0000000710600000, 0x0000000710700000|  0%| F|  |TAMS 0x0000000710600000, 0x0000000710600000| Untracked 
| 177|0x0000000710700000, 0x0000000710700000, 0x0000000710800000|  0%| F|  |TAMS 0x0000000710700000, 0x0000000710700000| Untracked 
| 178|0x0000000710800000, 0x0000000710800000, 0x0000000710900000|  0%| F|  |TAMS 0x0000000710800000, 0x0000000710800000| Untracked 
| 179|0x0000000710900000, 0x0000000710900000, 0x0000000710a00000|  0%| F|  |TAMS 0x0000000710900000, 0x0000000710900000| Untracked 
| 180|0x0000000710a00000, 0x0000000710a00000, 0x0000000710b00000|  0%| F|  |TAMS 0x0000000710a00000, 0x0000000710a00000| Untracked 
| 181|0x0000000710b00000, 0x0000000710b00000, 0x0000000710c00000|  0%| F|  |TAMS 0x0000000710b00000, 0x0000000710b00000| Untracked 
| 182|0x0000000710c00000, 0x0000000710c00000, 0x0000000710d00000|  0%| F|  |TAMS 0x0000000710c00000, 0x0000000710c00000| Untracked 
| 183|0x0000000710d00000, 0x0000000710d00000, 0x0000000710e00000|  0%| F|  |TAMS 0x0000000710d00000, 0x0000000710d00000| Untracked 
| 184|0x0000000710e00000, 0x0000000710e00000, 0x0000000710f00000|  0%| F|  |TAMS 0x0000000710e00000, 0x0000000710e00000| Untracked 
| 185|0x0000000710f00000, 0x0000000710f00000, 0x0000000711000000|  0%| F|  |TAMS 0x0000000710f00000, 0x0000000710f00000| Untracked 
| 186|0x0000000711000000, 0x0000000711000000, 0x0000000711100000|  0%| F|  |TAMS 0x0000000711000000, 0x0000000711000000| Untracked 
| 187|0x0000000711100000, 0x0000000711100000, 0x0000000711200000|  0%| F|  |TAMS 0x0000000711100000, 0x0000000711100000| Untracked 
| 188|0x0000000711200000, 0x0000000711200000, 0x0000000711300000|  0%| F|  |TAMS 0x0000000711200000, 0x0000000711200000| Untracked 
| 189|0x0000000711300000, 0x0000000711300000, 0x0000000711400000|  0%| F|  |TAMS 0x0000000711300000, 0x0000000711300000| Untracked 
| 190|0x0000000711400000, 0x0000000711400000, 0x0000000711500000|  0%| F|  |TAMS 0x0000000711400000, 0x0000000711400000| Untracked 
| 191|0x0000000711500000, 0x0000000711500000, 0x0000000711600000|  0%| F|  |TAMS 0x0000000711500000, 0x0000000711500000| Untracked 
| 192|0x0000000711600000, 0x0000000711600000, 0x0000000711700000|  0%| F|  |TAMS 0x0000000711600000, 0x0000000711600000| Untracked 
| 193|0x0000000711700000, 0x0000000711700000, 0x0000000711800000|  0%| F|  |TAMS 0x0000000711700000, 0x0000000711700000| Untracked 
| 194|0x0000000711800000, 0x0000000711800000, 0x0000000711900000|  0%| F|  |TAMS 0x0000000711800000, 0x0000000711800000| Untracked 
| 195|0x0000000711900000, 0x0000000711900000, 0x0000000711a00000|  0%| F|  |TAMS 0x0000000711900000, 0x0000000711900000| Untracked 
| 196|0x0000000711a00000, 0x0000000711a00000, 0x0000000711b00000|  0%| F|  |TAMS 0x0000000711a00000, 0x0000000711a00000| Untracked 
| 197|0x0000000711b00000, 0x0000000711b00000, 0x0000000711c00000|  0%| F|  |TAMS 0x0000000711b00000, 0x0000000711b00000| Untracked 
| 198|0x0000000711c00000, 0x0000000711c00000, 0x0000000711d00000|  0%| F|  |TAMS 0x0000000711c00000, 0x0000000711c00000| Untracked 
| 199|0x0000000711d00000, 0x0000000711d00000, 0x0000000711e00000|  0%| F|  |TAMS 0x0000000711d00000, 0x0000000711d00000| Untracked 
| 200|0x0000000711e00000, 0x0000000711e00000, 0x0000000711f00000|  0%| F|  |TAMS 0x0000000711e00000, 0x0000000711e00000| Untracked 
| 201|0x0000000711f00000, 0x0000000711f00000, 0x0000000712000000|  0%| F|  |TAMS 0x0000000711f00000, 0x0000000711f00000| Untracked 
| 202|0x0000000712000000, 0x0000000712000000, 0x0000000712100000|  0%| F|  |TAMS 0x0000000712000000, 0x0000000712000000| Untracked 
| 203|0x0000000712100000, 0x0000000712100000, 0x0000000712200000|  0%| F|  |TAMS 0x0000000712100000, 0x0000000712100000| Untracked 
| 204|0x0000000712200000, 0x0000000712200000, 0x0000000712300000|  0%| F|  |TAMS 0x0000000712200000, 0x0000000712200000| Untracked 
| 205|0x0000000712300000, 0x0000000712300000, 0x0000000712400000|  0%| F|  |TAMS 0x0000000712300000, 0x0000000712300000| Untracked 
| 206|0x0000000712400000, 0x0000000712400000, 0x0000000712500000|  0%| F|  |TAMS 0x0000000712400000, 0x0000000712400000| Untracked 
| 207|0x0000000712500000, 0x0000000712500000, 0x0000000712600000|  0%| F|  |TAMS 0x0000000712500000, 0x0000000712500000| Untracked 
| 208|0x0000000712600000, 0x0000000712600000, 0x0000000712700000|  0%| F|  |TAMS 0x0000000712600000, 0x0000000712600000| Untracked 
| 209|0x0000000712700000, 0x0000000712700000, 0x0000000712800000|  0%| F|  |TAMS 0x0000000712700000, 0x0000000712700000| Untracked 
| 210|0x0000000712800000, 0x0000000712800000, 0x0000000712900000|  0%| F|  |TAMS 0x0000000712800000, 0x0000000712800000| Untracked 
| 211|0x0000000712900000, 0x0000000712900000, 0x0000000712a00000|  0%| F|  |TAMS 0x0000000712900000, 0x0000000712900000| Untracked 
| 212|0x0000000712a00000, 0x0000000712a00000, 0x0000000712b00000|  0%| F|  |TAMS 0x0000000712a00000, 0x0000000712a00000| Untracked 
| 213|0x0000000712b00000, 0x0000000712b00000, 0x0000000712c00000|  0%| F|  |TAMS 0x0000000712b00000, 0x0000000712b00000| Untracked 
| 214|0x0000000712c00000, 0x0000000712c00000, 0x0000000712d00000|  0%| F|  |TAMS 0x0000000712c00000, 0x0000000712c00000| Untracked 
| 215|0x0000000712d00000, 0x0000000712d00000, 0x0000000712e00000|  0%| F|  |TAMS 0x0000000712d00000, 0x0000000712d00000| Untracked 
| 216|0x0000000712e00000, 0x0000000712e00000, 0x0000000712f00000|  0%| F|  |TAMS 0x0000000712e00000, 0x0000000712e00000| Untracked 
| 217|0x0000000712f00000, 0x0000000712f00000, 0x0000000713000000|  0%| F|  |TAMS 0x0000000712f00000, 0x0000000712f00000| Untracked 
| 218|0x0000000713000000, 0x0000000713000000, 0x0000000713100000|  0%| F|  |TAMS 0x0000000713000000, 0x0000000713000000| Untracked 
| 219|0x0000000713100000, 0x0000000713100000, 0x0000000713200000|  0%| F|  |TAMS 0x0000000713100000, 0x0000000713100000| Untracked 
| 220|0x0000000713200000, 0x0000000713200000, 0x0000000713300000|  0%| F|  |TAMS 0x0000000713200000, 0x0000000713200000| Untracked 
| 221|0x0000000713300000, 0x0000000713300000, 0x0000000713400000|  0%| F|  |TAMS 0x0000000713300000, 0x0000000713300000| Untracked 
| 222|0x0000000713400000, 0x0000000713400000, 0x0000000713500000|  0%| F|  |TAMS 0x0000000713400000, 0x0000000713400000| Untracked 
| 223|0x0000000713500000, 0x0000000713500000, 0x0000000713600000|  0%| F|  |TAMS 0x0000000713500000, 0x0000000713500000| Untracked 
| 224|0x0000000713600000, 0x0000000713600000, 0x0000000713700000|  0%| F|  |TAMS 0x0000000713600000, 0x0000000713600000| Untracked 
| 225|0x0000000713700000, 0x0000000713800000, 0x0000000713800000|100%| S|CS|TAMS 0x0000000713700000, 0x0000000713700000| Complete 
| 226|0x0000000713800000, 0x0000000713900000, 0x0000000713900000|100%| S|CS|TAMS 0x0000000713800000, 0x0000000713800000| Complete 
| 227|0x0000000713900000, 0x0000000713a00000, 0x0000000713a00000|100%| S|CS|TAMS 0x0000000713900000, 0x0000000713900000| Complete 
| 228|0x0000000713a00000, 0x0000000713a00000, 0x0000000713b00000|  0%| F|  |TAMS 0x0000000713a00000, 0x0000000713a00000| Untracked 
| 229|0x0000000713b00000, 0x0000000713b00000, 0x0000000713c00000|  0%| F|  |TAMS 0x0000000713b00000, 0x0000000713b00000| Untracked 
| 230|0x0000000713c00000, 0x0000000713c00000, 0x0000000713d00000|  0%| F|  |TAMS 0x0000000713c00000, 0x0000000713c00000| Untracked 
| 231|0x0000000713d00000, 0x0000000713e00000, 0x0000000713e00000|100%| E|  |TAMS 0x0000000713d00000, 0x0000000713d00000| Complete 
| 232|0x0000000713e00000, 0x0000000713f00000, 0x0000000713f00000|100%| E|CS|TAMS 0x0000000713e00000, 0x0000000713e00000| Complete 
| 233|0x0000000713f00000, 0x0000000714000000, 0x0000000714000000|100%| E|CS|TAMS 0x0000000713f00000, 0x0000000713f00000| Complete 
| 234|0x0000000714000000, 0x0000000714100000, 0x0000000714100000|100%| E|CS|TAMS 0x0000000714000000, 0x0000000714000000| Complete 
| 235|0x0000000714100000, 0x0000000714200000, 0x0000000714200000|100%| E|CS|TAMS 0x0000000714100000, 0x0000000714100000| Complete 
| 236|0x0000000714200000, 0x0000000714300000, 0x0000000714300000|100%| E|CS|TAMS 0x0000000714200000, 0x0000000714200000| Complete 
| 237|0x0000000714300000, 0x0000000714400000, 0x0000000714400000|100%| E|CS|TAMS 0x0000000714300000, 0x0000000714300000| Complete 
| 238|0x0000000714400000, 0x0000000714500000, 0x0000000714500000|100%| E|CS|TAMS 0x0000000714400000, 0x0000000714400000| Complete 
| 239|0x0000000714500000, 0x0000000714600000, 0x0000000714600000|100%| E|CS|TAMS 0x0000000714500000, 0x0000000714500000| Complete 
| 240|0x0000000714600000, 0x0000000714700000, 0x0000000714700000|100%| E|CS|TAMS 0x0000000714600000, 0x0000000714600000| Complete 
| 241|0x0000000714700000, 0x0000000714800000, 0x0000000714800000|100%| E|CS|TAMS 0x0000000714700000, 0x0000000714700000| Complete 
| 242|0x0000000714800000, 0x0000000714900000, 0x0000000714900000|100%| E|CS|TAMS 0x0000000714800000, 0x0000000714800000| Complete 
| 243|0x0000000714900000, 0x0000000714a00000, 0x0000000714a00000|100%| E|CS|TAMS 0x0000000714900000, 0x0000000714900000| Complete 
| 244|0x0000000714a00000, 0x0000000714b00000, 0x0000000714b00000|100%| E|CS|TAMS 0x0000000714a00000, 0x0000000714a00000| Complete 
| 245|0x0000000714b00000, 0x0000000714c00000, 0x0000000714c00000|100%| E|CS|TAMS 0x0000000714b00000, 0x0000000714b00000| Complete 
| 246|0x0000000714c00000, 0x0000000714d00000, 0x0000000714d00000|100%| E|CS|TAMS 0x0000000714c00000, 0x0000000714c00000| Complete 
| 247|0x0000000714d00000, 0x0000000714e00000, 0x0000000714e00000|100%| E|CS|TAMS 0x0000000714d00000, 0x0000000714d00000| Complete 
| 248|0x0000000714e00000, 0x0000000714f00000, 0x0000000714f00000|100%| E|CS|TAMS 0x0000000714e00000, 0x0000000714e00000| Complete 
| 249|0x0000000714f00000, 0x0000000715000000, 0x0000000715000000|100%| E|CS|TAMS 0x0000000714f00000, 0x0000000714f00000| Complete 
| 250|0x0000000715000000, 0x0000000715100000, 0x0000000715100000|100%| E|CS|TAMS 0x0000000715000000, 0x0000000715000000| Complete 
| 251|0x0000000715100000, 0x0000000715200000, 0x0000000715200000|100%| E|CS|TAMS 0x0000000715100000, 0x0000000715100000| Complete 

Card table byte_map: [0x0000022695610000,0x0000022695df0000] _byte_map_base: 0x0000022691de5000

Marking Bits (Prev, Next): (CMBitMap*) 0x000002268014f6d8, (CMBitMap*) 0x000002268014f710
 Prev Bits: [0x00000226965d0000, 0x000002269a478000)
 Next Bits: [0x000002269a480000, 0x000002269e328000)

Polling page: 0x00000226801d0000

Metaspace:

Usage:
  Non-class:     13.88 MB capacity,    13.68 MB ( 99%) used,   179.95 KB (  1%) free+waste,    22.19 KB ( <1%) overhead. 
      Class:      1.86 MB capacity,     1.76 MB ( 94%) used,    98.62 KB (  5%) free+waste,    10.94 KB ( <1%) overhead. 
       Both:     15.74 MB capacity,    15.44 MB ( 98%) used,   278.57 KB (  2%) free+waste,    33.13 KB ( <1%) overhead. 

Virtual space:
  Non-class space:       14.00 MB reserved,      14.00 MB (100%) committed 
      Class space:        1.00 GB reserved,       1.88 MB ( <1%) committed 
             Both:        1.01 GB reserved,      15.88 MB (  2%) committed 

Chunk freelists:
   Non-Class:  60.00 KB
       Class:  11.00 KB
        Both:  71.00 KB

MaxMetaspaceSize: 17179869184.00 GB
CompressedClassSpaceSize: 1.00 GB

CodeHeap 'non-profiled nmethods': size=120000Kb used=479Kb max_used=479Kb free=119520Kb
 bounds [0x000002268ce90000, 0x000002268d100000, 0x00000226943c0000]
CodeHeap 'profiled nmethods': size=120000Kb used=2456Kb max_used=2456Kb free=117543Kb
 bounds [0x0000022685960000, 0x0000022685bd0000, 0x000002268ce90000]
CodeHeap 'non-nmethods': size=5760Kb used=1115Kb max_used=1141Kb free=4644Kb
 bounds [0x00000226853c0000, 0x0000022685630000, 0x0000022685960000]
 total_blobs=1775 nmethods=1345 adapters=342
 compilation: enabled
              stopped_count=0, restarted_count=0
 full_count=0

Compilation events (20 events):
Event: 5.583 Thread 0x00000226a17b0800 1314       4       java.util.zip.Inflater::ensureOpen (47 bytes)
Event: 5.583 Thread 0x00000226a17b0800 nmethod 1314 0x000002268cf06410 code [0x000002268cf065a0, 0x000002268cf06638]
Event: 5.586 Thread 0x00000226a17b0800 1315       4       java.util.HashSet::add (20 bytes)
Event: 5.588 Thread 0x00000226a1ca7800 nmethod 1312 0x000002268cf06710 code [0x000002268cf068c0, 0x000002268cf06f38]
Event: 5.590 Thread 0x00000226a17b3000 1316       3       java.util.regex.Pattern::skip (23 bytes)
Event: 5.590 Thread 0x00000226a17b3000 nmethod 1316 0x0000022685bbbf10 code [0x0000022685bbc0c0, 0x0000022685bbc1f8]
Event: 5.592 Thread 0x00000226a17b3000 1317       3       org.gradle.internal.stream.EncodedStream$EncodedOutput::write (33 bytes)
Event: 5.592 Thread 0x00000226a17b3000 nmethod 1317 0x0000022685bbc310 code [0x0000022685bbc500, 0x0000022685bbc8d8]
Event: 5.592 Thread 0x00000226a17b3000 1318       3       java.lang.String::valueOf (14 bytes)
Event: 5.593 Thread 0x00000226a17b3000 nmethod 1318 0x0000022685bbca90 code [0x0000022685bbcc60, 0x0000022685bbce68]
Event: 5.593 Thread 0x00000226a17b3000 1319       3       java.util.Collections$UnmodifiableMap$UnmodifiableEntrySet$UnmodifiableEntry::getKey (10 bytes)
Event: 5.594 Thread 0x00000226a17b3000 nmethod 1319 0x0000022685bbcf10 code [0x0000022685bbd0c0, 0x0000022685bbd288]
Event: 5.594 Thread 0x00000226a17b3000 1320       3       java.util.Collections$UnmodifiableMap$UnmodifiableEntrySet$UnmodifiableEntry::getValue (10 bytes)
Event: 5.594 Thread 0x00000226a17b3000 nmethod 1320 0x0000022685bbd390 code [0x0000022685bbd540, 0x0000022685bbd708]
Event: 5.597 Thread 0x00000226a17b3000 1321       3       java.util.concurrent.ThreadPoolExecutor::runStateAtLeast (11 bytes)
Event: 5.597 Thread 0x00000226a17b3000 nmethod 1321 0x0000022685bbd810 code [0x0000022685bbd9c0, 0x0000022685bbdaf8]
Event: 5.597 Thread 0x00000226a17b3000 1322       3       java.util.concurrent.locks.ReentrantLock$NonfairSync::tryAcquire (6 bytes)
Event: 5.598 Thread 0x00000226a17b3000 nmethod 1322 0x0000022685bbdb90 code [0x0000022685bbdd40, 0x0000022685bbde68]
Event: 5.598 Thread 0x00000226a17b3000 1323       3       java.util.concurrent.locks.ReentrantLock$Sync::nonfairTryAcquire (67 bytes)
Event: 5.598 Thread 0x00000226a17b3000 nmethod 1323 0x0000022685bbdf10 code [0x0000022685bbe160, 0x0000022685bbea28]

GC Heap History (2 events):
Event: 0.850 GC heap before
{Heap before GC invocations=0 (full 0):
 garbage-first heap   total 258048K, used 29696K [0x0000000705600000, 0x0000000800000000)
  region size 1024K, 24 young (24576K), 0 survivors (0K)
 Metaspace       used 11490K, capacity 11742K, committed 11904K, reserved 1060864K
  class space    used 1247K, capacity 1339K, committed 1408K, reserved 1048576K
}
Event: 0.855 GC heap after
{Heap after GC invocations=1 (full 0):
 garbage-first heap   total 258048K, used 8620K [0x0000000705600000, 0x0000000800000000)
  region size 1024K, 3 young (3072K), 3 survivors (3072K)
 Metaspace       used 11490K, capacity 11742K, committed 11904K, reserved 1060864K
  class space    used 1247K, capacity 1339K, committed 1408K, reserved 1048576K
}

Deoptimization events (20 events):
Event: 5.506 Thread 0x00000226a2655800 Uncommon trap: trap_request=0xffffffde fr.pc=0x000002268cee1dfc relative=0x00000000000010bc
Event: 5.506 Thread 0x00000226a2655800 Uncommon trap: reason=class_check action=maybe_recompile pc=0x000002268cee1dfc method=java.util.concurrent.ConcurrentHashMap.putVal(Ljava/lang/Object;Ljava/lang/Object;Z)Ljava/lang/Object; @ 242 c2
Event: 5.506 Thread 0x00000226a2655800 DEOPT PACKING pc=0x000002268cee1dfc sp=0x000000c3eddfe550
Event: 5.506 Thread 0x00000226a2655800 DEOPT UNPACKING pc=0x00000226853e68af sp=0x000000c3eddfe4d0 mode 2
Event: 5.507 Thread 0x00000226800ee800 Uncommon trap: trap_request=0xffffffde fr.pc=0x000002268ceee558 relative=0x00000000000010f8
Event: 5.507 Thread 0x00000226800ee800 Uncommon trap: reason=class_check action=maybe_recompile pc=0x000002268ceee558 method=java.io.DataInputStream.readUnsignedShort()I @ 4 c2
Event: 5.507 Thread 0x00000226800ee800 DEOPT PACKING pc=0x000002268ceee558 sp=0x000000c3ec2fcf90
Event: 5.507 Thread 0x00000226800ee800 DEOPT UNPACKING pc=0x00000226853e68af sp=0x000000c3ec2fcf08 mode 2
Event: 5.507 Thread 0x00000226800ee800 Uncommon trap: trap_request=0xffffffde fr.pc=0x000002268ceee558 relative=0x00000000000010f8
Event: 5.507 Thread 0x00000226800ee800 Uncommon trap: reason=class_check action=maybe_recompile pc=0x000002268ceee558 method=java.io.DataInputStream.readUnsignedShort()I @ 4 c2
Event: 5.507 Thread 0x00000226800ee800 DEOPT PACKING pc=0x000002268ceee558 sp=0x000000c3ec2fcff0
Event: 5.507 Thread 0x00000226800ee800 DEOPT UNPACKING pc=0x00000226853e68af sp=0x000000c3ec2fcf68 mode 2
Event: 5.507 Thread 0x00000226800ee800 Uncommon trap: trap_request=0xffffffde fr.pc=0x000002268ceee558 relative=0x00000000000010f8
Event: 5.507 Thread 0x00000226800ee800 Uncommon trap: reason=class_check action=maybe_recompile pc=0x000002268ceee558 method=java.io.DataInputStream.readUnsignedShort()I @ 4 c2
Event: 5.507 Thread 0x00000226800ee800 DEOPT PACKING pc=0x000002268ceee558 sp=0x000000c3ec2fcfe0
Event: 5.507 Thread 0x00000226800ee800 DEOPT UNPACKING pc=0x00000226853e68af sp=0x000000c3ec2fcf58 mode 2
Event: 5.512 Thread 0x00000226800ee800 Uncommon trap: trap_request=0xffffff4d fr.pc=0x000002268ceeec00 relative=0x00000000000017a0
Event: 5.512 Thread 0x00000226800ee800 Uncommon trap: reason=unstable_if action=reinterpret pc=0x000002268ceeec00 method=java.io.BufferedInputStream.read()I @ 8 c2
Event: 5.512 Thread 0x00000226800ee800 DEOPT PACKING pc=0x000002268ceeec00 sp=0x000000c3ec2fc9a0
Event: 5.512 Thread 0x00000226800ee800 DEOPT UNPACKING pc=0x00000226853e68af sp=0x000000c3ec2fc8a0 mode 2

Classes redefined (0 events):
No events

Internal exceptions (18 events):
Event: 0.180 Thread 0x00000226800ee800 Exception <a 'java/lang/NoSuchMethodError'{0x000000071509cea8}: 'int java.lang.invoke.DirectMethodHandle$Holder.invokeSpecialIFC(java.lang.Object, java.lang.Object, int)'> (0x000000071509cea8) thrown at [./src/hotspot/share/interpreter/linkResolver.cpp, line 773]
Event: 0.266 Thread 0x00000226800ee800 Exception <a 'java/lang/NoSuchMethodError'{0x0000000714e5b640}: 'int java.lang.invoke.DirectMethodHandle$Holder.invokeStaticInit(java.lang.Object, java.lang.Object)'> (0x0000000714e5b640) thrown at [./src/hotspot/share/interpreter/linkResolver.cpp, line 773]
Event: 0.301 Thread 0x00000226800ee800 Exception <a 'java/lang/NoSuchMethodError'{0x0000000714d114d0}: 'int java.lang.invoke.DirectMethodHandle$Holder.invokeSpecial(java.lang.Object, java.lang.Object, java.lang.Object, java.lang.Object)'> (0x0000000714d114d0) thrown at [./src/hotspot/share/interpreter/linkResolver.cpp, line 773]
Event: 0.746 Thread 0x00000226800ee800 Exception <a 'java/lang/NoClassDefFoundError'{0x0000000713fdc708}: org/slf4j/impl/StaticMarkerBinder> (0x0000000713fdc708) thrown at [./src/hotspot/share/classfile/systemDictionary.cpp, line 220]
Event: 0.758 Thread 0x00000226800ee800 Exception <a 'java/lang/NoSuchMethodError'{0x0000000713e71858}: 'java.lang.Object java.lang.invoke.DirectMethodHandle$Holder.invokeVirtual(java.lang.Object, java.lang.Object, java.lang.Object, java.lang.Object, java.lang.Object)'> (0x0000000713e71858) thrown at [./src/hotspot/share/interpreter/linkResolver.cpp, line 773]
Event: 0.837 Thread 0x00000226800ee800 Exception <a 'java/lang/NoSuchMethodError'{0x0000000713a8c288}: 'java.lang.Object java.lang.invoke.Invokers$Holder.invoker(java.lang.Object, java.lang.Object, java.lang.Object, java.lang.Object, java.lang.Object)'> (0x0000000713a8c288) thrown at [./src/hotspot/share/interpreter/linkResolver.cpp, line 773]
Event: 0.840 Thread 0x00000226800ee800 Exception <a 'java/lang/NoSuchMethodError'{0x0000000713a9cf68}: 'void java.lang.invoke.DelegatingMethodHandle$Holder.delegate(java.lang.Object, java.lang.Object, int, java.lang.Object)'> (0x0000000713a9cf68) thrown at [./src/hotspot/share/interpreter/linkResolver.cpp, line 773]
Event: 0.924 Thread 0x00000226800ee800 Exception <a 'java/lang/NoSuchMethodError'{0x0000000714fa7c78}: 'java.lang.Object java.lang.invoke.DirectMethodHandle$Holder.invokeStaticInit(java.lang.Object, java.lang.Object, java.lang.Object)'> (0x0000000714fa7c78) thrown at [./src/hotspot/share/interpreter/linkResolver.cpp, line 773]
Event: 0.934 Thread 0x00000226800ee800 Implicit null exception at 0x000002268ced5a75 to 0x000002268ced5c8c
Event: 0.934 Thread 0x00000226800ee800 Implicit null exception at 0x000002268cebfcaf to 0x000002268cebfd29
Event: 1.011 Thread 0x00000226800ee800 Exception <a 'java/lang/NoSuchMethodError'{0x000000071490c908}: 'java.lang.Object java.lang.invoke.DirectMethodHandle$Holder.invokeStaticInit(java.lang.Object, int, int, int, int)'> (0x000000071490c908) thrown at [./src/hotspot/share/interpreter/linkResolver.cpp, line 773]
Event: 1.255 Thread 0x00000226800ee800 Exception <a 'java/lang/NoSuchMethodError'{0x00000007149a9b58}: 'java.lang.Object java.lang.invoke.DirectMethodHandle$Holder.invokeStaticInit(java.lang.Object, java.lang.Object, int, int, int, int)'> (0x00000007149a9b58) thrown at [./src/hotspot/share/interpreter/linkResolver.cpp, line 773]
Event: 2.564 Thread 0x00000226a2655800 Exception <a 'java/lang/NoSuchMethodError'{0x000000071438f8b0}: 'void java.lang.invoke.DirectMethodHandle$Holder.invokeStatic(java.lang.Object, long)'> (0x000000071438f8b0) thrown at [./src/hotspot/share/interpreter/linkResolver.cpp, line 773]
Event: 2.565 Thread 0x00000226a2655800 Exception <a 'java/lang/NoSuchMethodError'{0x0000000714394b00}: 'java.lang.Object java.lang.invoke.DirectMethodHandle$Holder.invokeStatic(java.lang.Object, long)'> (0x0000000714394b00) thrown at [./src/hotspot/share/interpreter/linkResolver.cpp, line 773]
Event: 2.567 Thread 0x00000226a2655800 Exception <a 'java/lang/NoSuchMethodError'{0x00000007143a2ba0}: 'java.lang.Object java.lang.invoke.DirectMethodHandle$Holder.invokeStaticInit(java.lang.Object, java.lang.Object, long, java.lang.Object)'> (0x00000007143a2ba0) thrown at [./src/hotspot/share/interpreter/linkResolver.cpp, line 773]
Event: 2.568 Thread 0x00000226a2655800 Exception <a 'java/lang/NoSuchMethodError'{0x00000007143a8ac8}: 'java.lang.Object java.lang.invoke.DirectMethodHandle$Holder.invokeStatic(java.lang.Object, java.lang.Object, long)'> (0x00000007143a8ac8) thrown at [./src/hotspot/share/interpreter/linkResolver.cpp, line 773]
Event: 2.568 Thread 0x00000226a2655800 Exception <a 'java/lang/NoSuchMethodError'{0x00000007143aed98}: 'java.lang.Object java.lang.invoke.Invokers$Holder.linkToTargetMethod(java.lang.Object, long, java.lang.Object)'> (0x00000007143aed98) thrown at [./src/hotspot/share/interpreter/linkResolver.cpp, line 773]
Event: 5.543 Thread 0x00000226800ee800 Exception <a 'java/io/IOException'{0x00000007141393f8}> (0x00000007141393f8) thrown at [./src/hotspot/share/prims/jni.cpp, line 615]

Events (20 events):
Event: 5.540 loading class org/gradle/launcher/daemon/client/DaemonClientConnection done
Event: 5.541 loading class java/lang/Long$LongCache
Event: 5.541 loading class java/lang/Long$LongCache done
Event: 5.542 loading class sun/nio/ch/WindowsSelectorImpl$MapEntry
Event: 5.542 loading class sun/nio/ch/WindowsSelectorImpl$MapEntry done
Event: 5.542 loading class java/nio/channels/spi/AbstractSelector$1
Event: 5.542 loading class java/nio/channels/spi/AbstractSelector$1 done
Event: 5.543 loading class org/gradle/internal/remote/internal/inet/SocketConnection$1
Event: 5.543 loading class org/gradle/internal/remote/internal/inet/SocketConnection$1 done
Event: 5.551 Thread 0x00000226a1ca7800 Thread added: 0x00000226a1ca7800
Event: 5.593 Thread 0x00000226a2704000 Thread added: 0x00000226a2704000
Event: 5.593 Executing VM operation: RevokeBias
Event: 5.593 Executing VM operation: RevokeBias done
Event: 5.597 Thread 0x00000226a25b3800 Thread added: 0x00000226a25b3800
Event: 5.597 Thread 0x00000226a254d000 Thread added: 0x00000226a254d000
Event: 5.597 Executing VM operation: RevokeBias
Event: 5.597 Executing VM operation: RevokeBias done
Event: 5.597 Thread 0x00000226a25b3800 Thread exited: 0x00000226a25b3800
Event: 5.597 Executing VM operation: RevokeBias
Event: 5.598 Executing VM operation: RevokeBias done


Dynamic libraries:
0x00007ff7407c0000 - 0x00007ff7407ca000 	C:\Program Files\Android\Android Studio\jre\bin\java.exe
0x00007ffa7c8b0000 - 0x00007ffa7caa5000 	C:\Windows\SYSTEM32\ntdll.dll
0x00007ffa7a9a0000 - 0x00007ffa7aa5e000 	C:\Windows\System32\KERNEL32.DLL
0x00007ffa7a220000 - 0x00007ffa7a4e8000 	C:\Windows\System32\KERNELBASE.dll
0x00007ffa7a730000 - 0x00007ffa7a830000 	C:\Windows\System32\ucrtbase.dll
0x00007ffa64ab0000 - 0x00007ffa64ac7000 	C:\Program Files\Android\Android Studio\jre\bin\VCRUNTIME140.dll
0x00007ffa6b670000 - 0x00007ffa6b689000 	C:\Program Files\Android\Android Studio\jre\bin\jli.dll
0x00007ffa7c6d0000 - 0x00007ffa7c870000 	C:\Windows\System32\USER32.dll
0x00007ffa64c00000 - 0x00007ffa64e9a000 	C:\Windows\WinSxS\amd64_microsoft.windows.common-controls_6595b64144ccf1df_6.0.19041.1110_none_60b5254171f9507e\COMCTL32.dll
0x00007ffa7a5a0000 - 0x00007ffa7a5c2000 	C:\Windows\System32\win32u.dll
0x00007ffa7b470000 - 0x00007ffa7b49b000 	C:\Windows\System32\GDI32.dll
0x00007ffa7be10000 - 0x00007ffa7beae000 	C:\Windows\System32\msvcrt.dll
0x00007ffa7a5d0000 - 0x00007ffa7a6dd000 	C:\Windows\System32\gdi32full.dll
0x00007ffa7a860000 - 0x00007ffa7a8fd000 	C:\Windows\System32\msvcp_win.dll
0x00007ffa7b010000 - 0x00007ffa7b040000 	C:\Windows\System32\IMM32.DLL
0x00007ffa3d840000 - 0x00007ffa3d8dd000 	C:\Program Files\Android\Android Studio\jre\bin\msvcp140.dll
0x00007ffa355c0000 - 0x00007ffa36095000 	C:\Program Files\Android\Android Studio\jre\bin\server\jvm.dll
0x00007ffa7abf0000 - 0x00007ffa7ac9e000 	C:\Windows\System32\ADVAPI32.dll
0x00007ffa7a900000 - 0x00007ffa7a99c000 	C:\Windows\System32\sechost.dll
0x00007ffa7aa60000 - 0x00007ffa7ab85000 	C:\Windows\System32\RPCRT4.dll
0x00007ffa7b770000 - 0x00007ffa7b778000 	C:\Windows\System32\PSAPI.DLL
0x00007ffa682e0000 - 0x00007ffa682e9000 	C:\Windows\SYSTEM32\WSOCK32.dll
0x00007ffa6b110000 - 0x00007ffa6b137000 	C:\Windows\SYSTEM32\WINMM.dll
0x00007ffa74530000 - 0x00007ffa7453a000 	C:\Windows\SYSTEM32\VERSION.dll
0x00007ffa7bc80000 - 0x00007ffa7bceb000 	C:\Windows\System32\WS2_32.dll
0x00007ffa77eb0000 - 0x00007ffa77ec2000 	C:\Windows\SYSTEM32\kernel.appcore.dll
0x00007ffa64a90000 - 0x00007ffa64aa1000 	C:\Program Files\Android\Android Studio\jre\bin\verify.dll
0x00007ffa651d0000 - 0x00007ffa653b4000 	C:\Windows\SYSTEM32\DBGHELP.DLL
0x00007ffa64af0000 - 0x00007ffa64b1c000 	C:\Windows\SYSTEM32\dbgcore.DLL
0x00007ffa79fc0000 - 0x00007ffa7a042000 	C:\Windows\System32\bcryptPrimitives.dll
0x00007ffa64a60000 - 0x00007ffa64a89000 	C:\Program Files\Android\Android Studio\jre\bin\java.dll
0x00007ffa6b660000 - 0x00007ffa6b66b000 	C:\Program Files\Android\Android Studio\jre\bin\jimage.dll
0x00007ffa63d60000 - 0x00007ffa63d78000 	C:\Program Files\Android\Android Studio\jre\bin\zip.dll
0x00007ffa7bf80000 - 0x00007ffa7c6c4000 	C:\Windows\System32\SHELL32.dll
0x00007ffa780b0000 - 0x00007ffa78844000 	C:\Windows\SYSTEM32\windows.storage.dll
0x00007ffa7b0a0000 - 0x00007ffa7b3f5000 	C:\Windows\System32\combase.dll
0x00007ffa799a0000 - 0x00007ffa799ce000 	C:\Windows\SYSTEM32\Wldp.dll
0x00007ffa7af60000 - 0x00007ffa7b00d000 	C:\Windows\System32\SHCORE.dll
0x00007ffa7ab90000 - 0x00007ffa7abe5000 	C:\Windows\System32\shlwapi.dll
0x00007ffa79f00000 - 0x00007ffa79f1f000 	C:\Windows\SYSTEM32\profapi.dll
0x00007ffa57c20000 - 0x00007ffa57c3a000 	C:\Program Files\Android\Android Studio\jre\bin\net.dll
0x00007ffa6a3e0000 - 0x00007ffa6a4ec000 	C:\Windows\SYSTEM32\WINHTTP.dll
0x00007ffa796a0000 - 0x00007ffa7970a000 	C:\Windows\system32\mswsock.dll
0x00007ffa57c00000 - 0x00007ffa57c14000 	C:\Program Files\Android\Android Studio\jre\bin\nio.dll
0x00007ffa56d40000 - 0x00007ffa56d67000 	C:\Users\Akshay\.gradle\native\f6784746aeab05261644944871eae4fe03e0ef1612fff0a4a95f87b438bc6780\windows-amd64\native-platform.dll
0x00007ffa68a70000 - 0x00007ffa68a7a000 	C:\Program Files\Android\Android Studio\jre\bin\management.dll
0x00007ffa62c40000 - 0x00007ffa62c4d000 	C:\Program Files\Android\Android Studio\jre\bin\management_ext.dll
0x00007ffa798f0000 - 0x00007ffa79908000 	C:\Windows\SYSTEM32\CRYPTSP.dll
0x00007ffa79020000 - 0x00007ffa79054000 	C:\Windows\system32\rsaenh.dll
0x00007ffa7a830000 - 0x00007ffa7a857000 	C:\Windows\System32\bcrypt.dll
0x00007ffa79ec0000 - 0x00007ffa79eee000 	C:\Windows\SYSTEM32\USERENV.dll
0x00007ffa79910000 - 0x00007ffa7991c000 	C:\Windows\SYSTEM32\CRYPTBASE.dll
0x00007ffa79390000 - 0x00007ffa793cb000 	C:\Windows\SYSTEM32\IPHLPAPI.DLL
0x00007ffa7b400000 - 0x00007ffa7b408000 	C:\Windows\System32\NSI.dll
0x00007ffa72430000 - 0x00007ffa72447000 	C:\Windows\SYSTEM32\dhcpcsvc6.DLL
0x00007ffa728b0000 - 0x00007ffa728cd000 	C:\Windows\SYSTEM32\dhcpcsvc.DLL
0x00007ffa793d0000 - 0x00007ffa7949b000 	C:\Windows\SYSTEM32\DNSAPI.dll
0x00007ffa741f0000 - 0x00007ffa741fb000 	C:\Windows\SYSTEM32\WINNSI.DLL

dbghelp: loaded successfully - version: 4.0.5 - missing functions: none
symbol engine: initialized successfully - sym options: 0x614 - pdb path: .;C:\Program Files\Android\Android Studio\jre\bin;C:\Windows\SYSTEM32;C:\Windows\WinSxS\amd64_microsoft.windows.common-controls_6595b64144ccf1df_6.0.19041.1110_none_60b5254171f9507e;C:\Program Files\Android\Android Studio\jre\bin\server;C:\Users\Akshay\.gradle\native\f6784746aeab05261644944871eae4fe03e0ef1612fff0a4a95f87b438bc6780\windows-amd64

VM Arguments:
jvm_args: -Dorg.gradle.appname=gradlew 
java_command: org.gradle.wrapper.GradleWrapperMain -q -Ptarget-platform=android-arm64 -Ptarget=D:\Dhiwise\Coruscate-App-Flutter\lib\main.dart -Pbase-application-name=android.app.Application -Pdart-defines=Zmx1dHRlci5pbnNwZWN0b3Iuc3RydWN0dXJlZEVycm9ycz10cnVl,RkxVVFRFUl9XRUJfQVVUT19ERVRFQ1Q9dHJ1ZQ== -Pdart-obfuscation=false -Ptrack-widget-creation=true -Ptree-shake-icons=false -Pfilesystem-scheme=org-dartlang-root assembleDebug
java_class_path (initial): D:\Dhiwise\Coruscate-App-Flutter\android\\gradle\wrapper\gradle-wrapper.jar
Launcher Type: SUN_STANDARD

[Global flags]
     intx CICompilerCount                          = 4                                         {product} {ergonomic}
     uint ConcGCThreads                            = 2                                         {product} {ergonomic}
     uint G1ConcRefinementThreads                  = 8                                         {product} {ergonomic}
   size_t G1HeapRegionSize                         = 1048576                                   {product} {ergonomic}
    uintx GCDrainStackTargetSize                   = 64                                        {product} {ergonomic}
   size_t InitialHeapSize                          = 264241152                                 {product} {ergonomic}
   size_t MarkStackSize                            = 4194304                                   {product} {ergonomic}
   size_t MaxHeapSize                              = 4204789760                                {product} {ergonomic}
   size_t MaxNewSize                               = 2522873856                                {product} {ergonomic}
   size_t MinHeapDeltaBytes                        = 1048576                                   {product} {ergonomic}
    uintx NonNMethodCodeHeapSize                   = 5836300                                {pd product} {ergonomic}
    uintx NonProfiledCodeHeapSize                  = 122910970                              {pd product} {ergonomic}
    uintx ProfiledCodeHeapSize                     = 122910970                              {pd product} {ergonomic}
    uintx ReservedCodeCacheSize                    = 251658240                              {pd product} {ergonomic}
     bool SegmentedCodeCache                       = true                                      {product} {ergonomic}
     bool UseCompressedClassPointers               = true                                 {lp64_product} {ergonomic}
     bool UseCompressedOops                        = true                                 {lp64_product} {ergonomic}
     bool UseG1GC                                  = true                                      {product} {ergonomic}
     bool UseLargePagesIndividualAllocation        = false                                  {pd product} {ergonomic}

Logging:
Log output configuration:
 #0: stdout all=warning uptime,level,tags
 #1: stderr all=off uptime,level,tags

Environment Variables:
JAVA_HOME=C:\Program Files\Android\Android Studio\jre
CLASSPATH=D:\Dhiwise\Coruscate-App-Flutter\android\\gradle\wrapper\gradle-wrapper.jar
PATH=C:\Program Files\Common Files\Oracle\Java\javapath;C:\Windows\system32;C:\Windows;C:\Windows\System32\Wbem;C:\Windows\System32\WindowsPowerShell\v1.0\;C:\Windows\System32\OpenSSH\;C:\Program Files\Git\cmd;C:\Users\Akshay\AppData\Local\Microsoft\WindowsApps;C:\Users\Akshay\AppData\Local\Programs\Microsoft VS Code\bin;D:\Flutter\flutter\bin;C:\Program Files\Java\jdk-16.0.2\bin;;D:\Flutter\flutter\bin\mingit\cmd
USERNAME=Akshay
OS=Windows_NT
PROCESSOR_IDENTIFIER=Intel64 Family 6 Model 94 Stepping 3, GenuineIntel



---------------  S Y S T E M  ---------------

OS: Windows 10 , 64 bit Build 19041 (10.0.19041.1503)
OS uptime: 1 days 11:46 hours

CPU:total 8 (initial active 8) (4 cores per cpu, 2 threads per core) family 6 model 94 stepping 3 microcode 0xcc, cmov, cx8, fxsr, mmx, sse, sse2, sse3, ssse3, sse4.1, sse4.2, popcnt, avx, avx2, aes, clmul, erms, rtm, 3dnowpref, lzcnt, ht, tsc, tscinvbit, bmi1, bmi2, adx, fma

Memory: 4k page, system-wide physical 16035M (2275M free)
TotalPageFile size 29785M (AvailPageFile size 4M)
current process WorkingSet (physical memory assigned to process): 105M, peak: 105M
current process commit charge ("private bytes"): 360M, peak: 361M

vm_info: OpenJDK 64-Bit Server VM (11.0.11+9-b60-7590822) for windows-amd64 JRE (11.0.11+9-b60-7590822), built on Jul 29 2021 21:43:44 by "builder" with MS VC++ 14.0 (VS2015)

END.
